<?xml version="1.0" encoding="UTF-8"?>
<!-- Generated by org.testng.reporters.JUnitXMLReporter -->
<testsuite hostname="NHUTBM" name="Default test" tests="19" failures="0" timestamp="23 Apr 2019 08:47:47 GMT" time="15.781" errors="0">
  <testcase name="@BeforeClass beforeClass" time="0.0" classname="com.beecow.testcase.HomePageScript">
    <failure type="org.testng.TestNGException" message="
Parameter &amp;apos;browser&amp;apos; is required by @Configuration on method beforeClass but has not been marked @Optional or defined
in C:\Users\LAP12160-local\AppData\Local\Temp\testng-eclipse-981447015\testng-customsuite.xml">
      <![CDATA[org.testng.TestNGException: 
Parameter 'browser' is required by @Configuration on method beforeClass but has not been marked @Optional or defined
in C:\Users\LAP12160-local\AppData\Local\Temp\testng-eclipse-981447015\testng-customsuite.xml
	at org.testng.internal.Parameters.createParameters(Parameters.java:155)
	at org.testng.internal.Parameters.createParameters(Parameters.java:355)
	at org.testng.internal.Parameters.createConfigurationParameters(Parameters.java:86)
	at org.testng.internal.Invoker.invokeConfigurations(Invoker.java:199)
	at org.testng.internal.Invoker.invokeConfigurations(Invoker.java:138)
	at org.testng.internal.TestMethodWorker.invokeBeforeClassMethods(TestMethodWorker.java:175)
	at org.testng.internal.TestMethodWorker.run(TestMethodWorker.java:107)
	at org.testng.TestRunner.privateRun(TestRunner.java:767)
	at org.testng.TestRunner.run(TestRunner.java:617)
	at org.testng.SuiteRunner.runTest(SuiteRunner.java:334)
	at org.testng.SuiteRunner.runSequentially(SuiteRunner.java:329)
	at org.testng.SuiteRunner.privateRun(SuiteRunner.java:291)
	at org.testng.SuiteRunner.run(SuiteRunner.java:240)
	at org.testng.SuiteRunnerWorker.runSuite(SuiteRunnerWorker.java:52)
	at org.testng.SuiteRunnerWorker.run(SuiteRunnerWorker.java:86)
	at org.testng.TestNG.runSuitesSequentially(TestNG.java:1198)
	at org.testng.TestNG.runSuitesLocally(TestNG.java:1123)
	at org.testng.TestNG.run(TestNG.java:1031)
	at org.testng.remote.AbstractRemoteTestNG.run(AbstractRemoteTestNG.java:114)
	at org.testng.remote.RemoteTestNG.initAndRun(RemoteTestNG.java:251)
	at org.testng.remote.RemoteTestNG.main(RemoteTestNG.java:77)
]]>
    </failure>
  </testcase> <!-- @BeforeClass beforeClass -->
  <testcase name="@AfterMethod afterMethod" time="0.0" classname="com.beecow.testcase.HomePageScript">
    <skipped/>
  </testcase> <!-- @AfterMethod afterMethod -->
  <testcase name="@AfterMethod afterMethod" time="0.0" classname="com.beecow.testcase.HomePageScript">
    <skipped/>
  </testcase> <!-- @AfterMethod afterMethod -->
  <testcase name="@AfterMethod afterMethod" time="0.0" classname="com.beecow.testcase.HomePageScript">
    <skipped/>
  </testcase> <!-- @AfterMethod afterMethod -->
  <testcase name="@AfterMethod afterMethod" time="0.0" classname="com.beecow.testcase.HomePageScript">
    <skipped/>
  </testcase> <!-- @AfterMethod afterMethod -->
  <testcase name="@AfterMethod afterMethod" time="0.0" classname="com.beecow.testcase.HomePageScript">
    <skipped/>
  </testcase> <!-- @AfterMethod afterMethod -->
  <testcase name="@AfterMethod afterMethod" time="0.0" classname="com.beecow.testcase.HomePageScript">
    <skipped/>
  </testcase> <!-- @AfterMethod afterMethod -->
  <testcase name="@AfterMethod afterMethod" time="0.0" classname="com.beecow.testcase.HomePageScript">
    <skipped/>
  </testcase> <!-- @AfterMethod afterMethod -->
  <testcase name="@AfterMethod afterMethod" time="0.0" classname="com.beecow.testcase.HomePageScript">
    <skipped/>
  </testcase> <!-- @AfterMethod afterMethod -->
  <testcase name="@AfterMethod afterMethod" time="0.0" classname="com.beecow.testcase.HomePageScript">
    <skipped/>
  </testcase> <!-- @AfterMethod afterMethod -->
  <testcase name="@AfterMethod afterMethod" time="0.0" classname="com.beecow.testcase.HomePageScript">
    <skipped/>
  </testcase> <!-- @AfterMethod afterMethod -->
  <testcase name="@AfterMethod afterMethod" time="0.0" classname="com.beecow.testcase.HomePageScript">
    <skipped/>
  </testcase> <!-- @AfterMethod afterMethod -->
  <testcase name="@AfterMethod afterMethod" time="0.0" classname="com.beecow.testcase.HomePageScript">
    <skipped/>
  </testcase> <!-- @AfterMethod afterMethod -->
  <testcase name="@AfterMethod afterMethod" time="0.0" classname="com.beecow.testcase.HomePageScript">
    <skipped/>
  </testcase> <!-- @AfterMethod afterMethod -->
  <testcase name="@AfterMethod afterMethod" time="0.0" classname="com.beecow.testcase.HomePageScript">
    <skipped/>
  </testcase> <!-- @AfterMethod afterMethod -->
  <testcase name="@AfterMethod afterMethod" time="0.0" classname="com.beecow.testcase.HomePageScript">
    <skipped/>
  </testcase> <!-- @AfterMethod afterMethod -->
  <testcase name="@AfterMethod afterMethod" time="0.0" classname="com.beecow.testcase.HomePageScript">
    <skipped/>
  </testcase> <!-- @AfterMethod afterMethod -->
  <testcase name="@AfterMethod afterMethod" time="0.0" classname="com.beecow.testcase.HomePageScript">
    <skipped/>
  </testcase> <!-- @AfterMethod afterMethod -->
  <testcase name="@AfterMethod afterMethod" time="0.0" classname="com.beecow.testcase.HomePageScript">
    <skipped/>
  </testcase> <!-- @AfterMethod afterMethod -->
  <testcase name="@AfterMethod afterMethod" time="0.0" classname="com.beecow.testcase.HomePageScript">
    <skipped/>
  </testcase> <!-- @AfterMethod afterMethod -->
  <testcase name="@AfterClass afterClass" time="0.0" classname="com.beecow.testcase.HomePageScript">
    <skipped/>
  </testcase> <!-- @AfterClass afterClass -->
  <testcase name="testcase_01" time="0.009" classname="com.beecow.testcase.HomePageScript">
    <skipped/>
  </testcase> <!-- testcase_01 -->
  <testcase name="testcase_02" time="0.003" classname="com.beecow.testcase.HomePageScript">
    <skipped/>
  </testcase> <!-- testcase_02 -->
  <testcase name="testcase_03" time="0.002" classname="com.beecow.testcase.HomePageScript">
    <skipped/>
  </testcase> <!-- testcase_03 -->
  <testcase name="testcase_04" time="0.001" classname="com.beecow.testcase.HomePageScript">
    <skipped/>
  </testcase> <!-- testcase_04 -->
  <testcase name="testcase_05" time="0.002" classname="com.beecow.testcase.HomePageScript">
    <skipped/>
  </testcase> <!-- testcase_05 -->
  <testcase name="testcase_06" time="0.0" classname="com.beecow.testcase.HomePageScript">
    <skipped/>
  </testcase> <!-- testcase_06 -->
  <testcase name="testcase_07" time="0.002" classname="com.beecow.testcase.HomePageScript">
    <skipped/>
  </testcase> <!-- testcase_07 -->
  <testcase name="testcase_08" time="0.0" classname="com.beecow.testcase.HomePageScript">
    <skipped/>
  </testcase> <!-- testcase_08 -->
  <testcase name="testcase_09" time="0.001" classname="com.beecow.testcase.HomePageScript">
    <skipped/>
  </testcase> <!-- testcase_09 -->
  <testcase name="testcase_10" time="0.001" classname="com.beecow.testcase.HomePageScript">
    <skipped/>
  </testcase> <!-- testcase_10 -->
  <testcase name="testcase_11" time="0.001" classname="com.beecow.testcase.HomePageScript">
    <skipped/>
  </testcase> <!-- testcase_11 -->
  <testcase name="testcase_12" time="0.001" classname="com.beecow.testcase.HomePageScript">
    <skipped/>
  </testcase> <!-- testcase_12 -->
  <testcase name="testcase_13" time="0.001" classname="com.beecow.testcase.HomePageScript">
    <skipped/>
  </testcase> <!-- testcase_13 -->
  <testcase name="testcase_14" time="0.001" classname="com.beecow.testcase.HomePageScript">
    <skipped/>
  </testcase> <!-- testcase_14 -->
  <testcase name="testcase_15" time="0.004" classname="com.beecow.testcase.HomePageScript">
    <skipped/>
  </testcase> <!-- testcase_15 -->
  <testcase name="testcase_16" time="0.001" classname="com.beecow.testcase.HomePageScript">
    <skipped/>
  </testcase> <!-- testcase_16 -->
  <testcase name="testcase_17" time="0.001" classname="com.beecow.testcase.HomePageScript">
    <skipped/>
  </testcase> <!-- testcase_17 -->
  <testcase name="testcase_18" time="0.001" classname="com.beecow.testcase.HomePageScript">
    <skipped/>
  </testcase> <!-- testcase_18 -->
  <testcase name="testcase_19" time="0.001" classname="com.beecow.testcase.HomePageScript">
    <skipped/>
  </testcase> <!-- testcase_19 -->
</testsuite> <!-- Default test -->
