<?xml version="1.0" encoding="UTF-8"?>
<!-- Generated by org.testng.reporters.JUnitXMLReporter -->
<testsuite hostname="NHUTBM" name="Login guru on Chrome" tests="20" failures="0" timestamp="16 May 2019 10:07:33 GMT" time="52.107" errors="0">
  <testcase name="testcase_01" time="13.793" classname="com.beecow.testcase.HomePageScript"/>
  <testcase name="testcase_02" time="1.034" classname="com.beecow.testcase.HomePageScript"/>
  <testcase name="testcase_03" time="1.052" classname="com.beecow.testcase.HomePageScript"/>
  <testcase name="testcase_04" time="2.421" classname="com.beecow.testcase.HomePageScript"/>
  <testcase name="testcase_05" time="3.417" classname="com.beecow.testcase.HomePageScript"/>
  <testcase name="testcase_06" time="1.293" classname="com.beecow.testcase.HomePageScript"/>
  <testcase name="testcase_07" time="0.445" classname="com.beecow.testcase.HomePageScript"/>
  <testcase name="testcase_08" time="0.371" classname="com.beecow.testcase.HomePageScript"/>
  <testcase name="testcase_09" time="0.4" classname="com.beecow.testcase.HomePageScript"/>
  <testcase name="testcase_10" time="0.37" classname="com.beecow.testcase.HomePageScript"/>
  <testcase name="testcase_11" time="0.57" classname="com.beecow.testcase.HomePageScript"/>
  <testcase name="testcase_12" time="0.405" classname="com.beecow.testcase.HomePageScript"/>
  <testcase name="testcase_13" time="0.279" classname="com.beecow.testcase.HomePageScript"/>
  <testcase name="testcase_14" time="0.535" classname="com.beecow.testcase.HomePageScript"/>
  <testcase name="testcase_15" time="0.562" classname="com.beecow.testcase.HomePageScript"/>
  <testcase name="testcase_16" time="0.31" classname="com.beecow.testcase.HomePageScript"/>
  <testcase name="testcase_17" time="0.299" classname="com.beecow.testcase.HomePageScript"/>
  <testcase name="testcase_18" time="0.336" classname="com.beecow.testcase.HomePageScript"/>
  <testcase name="testcase_19" time="1.729" classname="com.beecow.testcase.HomePageScript"/>
  <testcase name="testcase_20" time="3.028" classname="com.beecow.testcase.HomePageScript"/>
</testsuite> <!-- Login guru on Chrome -->
