<?xml version="1.0" encoding="UTF-8"?>
<!-- Generated by org.testng.reporters.JUnitXMLReporter -->
<testsuite hostname="NHUTBM" name="Login guru on Chrome" tests="19" failures="0" timestamp="5 May 2019 06:54:27 GMT" time="76.446" errors="0">
  <testcase name="testcase_01" time="10.811" classname="com.beecow.testcase.HomePageScript"/>
  <testcase name="testcase_02" time="0.721" classname="com.beecow.testcase.HomePageScript"/>
  <testcase name="testcase_03" time="0.462" classname="com.beecow.testcase.HomePageScript"/>
  <testcase name="testcase_04" time="1.72" classname="com.beecow.testcase.HomePageScript"/>
  <testcase name="testcase_05" time="2.731" classname="com.beecow.testcase.HomePageScript"/>
  <testcase name="testcase_06" time="0.513" classname="com.beecow.testcase.HomePageScript"/>
  <testcase name="testcase_07" time="0.292" classname="com.beecow.testcase.HomePageScript"/>
  <testcase name="testcase_08" time="0.256" classname="com.beecow.testcase.HomePageScript"/>
  <testcase name="testcase_09" time="0.29" classname="com.beecow.testcase.HomePageScript"/>
  <testcase name="testcase_10" time="0.196" classname="com.beecow.testcase.HomePageScript"/>
  <testcase name="testcase_11" time="0.341" classname="com.beecow.testcase.HomePageScript"/>
  <testcase name="testcase_12" time="0.254" classname="com.beecow.testcase.HomePageScript"/>
  <testcase name="testcase_13" time="0.187" classname="com.beecow.testcase.HomePageScript"/>
  <testcase name="testcase_14" time="0.205" classname="com.beecow.testcase.HomePageScript"/>
  <testcase name="testcase_15" time="0.195" classname="com.beecow.testcase.HomePageScript"/>
  <testcase name="testcase_16" time="0.168" classname="com.beecow.testcase.HomePageScript"/>
  <testcase name="testcase_17" time="0.201" classname="com.beecow.testcase.HomePageScript"/>
  <testcase name="testcase_18" time="0.193" classname="com.beecow.testcase.HomePageScript"/>
  <testcase name="testcase_19" time="2.997" classname="com.beecow.testcase.HomePageScript"/>
</testsuite> <!-- Login guru on Chrome -->
